<?xml version="1.0" encoding="UTF-8"?>
<!-- Generated by org.testng.reporters.JUnitReportReporter -->
<testsuite hostname="TVDI-045" failures="0" tests="1" name="com.task.Broken" time="16.821" errors="0" timestamp="2024-01-04T21:04:59 IST" skipped="0">
  <testcase classname="com.task.Broken" name="brokenLink" time="16.821"/>
  <system-out/>
</testsuite> <!-- com.task.Broken -->
