<?xml version="1.0" encoding="UTF-8"?>
<!-- Generated by org.testng.reporters.JUnitReportReporter -->
<testsuite hostname="TVDI-045" failures="0" tests="1" name="com.task.FileUpload" time="20.517" errors="0" timestamp="2024-01-02T09:54:20 IST" skipped="0">
  <testcase classname="com.task.FileUpload" name="fileUploadUsingRobot" time="20.517"/>
  <system-out/>
</testsuite> <!-- com.task.FileUpload -->
