<?xml version="1.0" encoding="UTF-8"?>
<!-- Generated by org.testng.reporters.JUnitReportReporter -->
<testsuite hostname="TVDI-045" failures="0" tests="1" name="com.task.Date_Picker" time="16.489" errors="0" timestamp="2024-01-03T14:43:24 IST" skipped="0">
  <testcase classname="com.task.Date_Picker" name="datePicker" time="16.489"/>
  <system-out/>
</testsuite> <!-- com.task.Date_Picker -->
