<?xml version="1.0" encoding="UTF-8"?>
<!-- Generated by org.testng.reporters.JUnitReportReporter -->
<testsuite hostname="TVDI-045" failures="0" tests="1" name="com.task.StringManipulations" time="0.018" errors="0" timestamp="2024-01-04T15:13:33 IST" skipped="0">
  <testcase classname="com.task.StringManipulations" name="removeDuplicateAscending" time="0.018"/>
  <system-out/>
</testsuite> <!-- com.task.StringManipulations -->
