<?xml version="1.0" encoding="UTF-8"?>
<!-- Generated by org.testng.reporters.JUnitReportReporter -->
<testsuite hostname="TVDI-045" failures="0" tests="1" name="com.task.Table" time="11.142" errors="0" timestamp="2024-01-04T15:16:02 IST" skipped="0">
  <testcase classname="com.task.Table" name="dataTable" time="11.142"/>
  <system-out/>
</testsuite> <!-- com.task.Table -->
