<?xml version="1.0" encoding="UTF-8"?>
<!-- Generated by org.testng.reporters.JUnitReportReporter -->
<testsuite hostname="TVDI-045" failures="0" tests="1" name="com.task.DynamicTable" time="9.157" errors="0" timestamp="2024-01-04T22:33:55 IST" skipped="0">
  <testcase classname="com.task.DynamicTable" name="Value" time="9.157"/>
  <system-out/>
</testsuite> <!-- com.task.DynamicTable -->
