<?xml version="1.0" encoding="UTF-8"?>
<!-- Generated by org.testng.reporters.JUnitReportReporter -->
<testsuite hostname="TVDI-045" failures="0" tests="1" name="com.task.Loop" time="0.020" errors="0" timestamp="2024-01-05T08:09:18 IST" skipped="0">
  <testcase classname="com.task.Loop" name="numberPattern" time="0.020"/>
  <system-out/>
</testsuite> <!-- com.task.Loop -->
